{"C:\\Users\\ipice\\Desktop\\proyecto-final-front\\src\\components\\Home\\NavHome.vue": {"path":"C:\\Users\\ipice\\Desktop\\proyecto-final-front\\src\\components\\Home\\NavHome.vue","statementMap":{"0":{"start":{"line":17,"column":0},"end":{"line":17,"column":null}},"1":{"start":{"line":18,"column":0},"end":{"line":18,"column":null}},"2":{"start":{"line":20,"column":15},"end":{"line":20,"column":31}},"3":{"start":{"line":26,"column":4},"end":{"line":26,"column":11}}},"fnMap":{"0":{"name":"(anonymous_0)","decl":{"start":{"line":25,"column":6},"end":{"line":25,"column":null}},"loc":{"start":{"line":25,"column":6},"end":{"line":29,"column":null}}}},"branchMap":{},"s":{"0":1,"1":1,"2":1,"3":8},"f":{"0":8},"b":{}}
,"C:\\Users\\ipice\\Desktop\\proyecto-final-front\\src\\utils\\paths.ts": {"path":"C:\\Users\\ipice\\Desktop\\proyecto-final-front\\src\\utils\\paths.ts","statementMap":{"0":{"start":{"line":1,"column":14},"end":{"line":1,"column":null}},"1":{"start":{"line":6,"column":15},"end":{"line":6,"column":null}}},"fnMap":{},"branchMap":{},"s":{"0":1,"1":1},"f":{},"b":{}}
,"C:\\Users\\ipice\\Desktop\\proyecto-final-front\\src\\views\\Home.vue": {"path":"C:\\Users\\ipice\\Desktop\\proyecto-final-front\\src\\views\\Home.vue","statementMap":{"0":{"start":{"line":45,"column":0},"end":{"line":45,"column":null}},"1":{"start":{"line":46,"column":0},"end":{"line":46,"column":null}},"2":{"start":{"line":48,"column":15},"end":{"line":48,"column":31}}},"fnMap":{},"branchMap":{},"s":{"0":1,"1":1,"2":1},"f":{},"b":{}}
}
